*** Using Compiler 'V6.15', folder: 'D:\keil_5.33\ARM\ARMCLANG\Bin'
Build target 'nor_sdram_zf_dtcm_v6'
Note: source file '..\CODE\common.c' - object file renamed from '.\Objects\common.o' to '.\Objects\common_1.o'.compiling zf_adc.c...
compiling zf_camera.c...
compiling zf_csi.c...
compiling board.c...
compiling zf_flash.c...
compiling zf_spi.c...
compiling zf_qtimer.c...
compiling zf_pit.c...
compiling zf_pwm.c...
compiling zf_gpio.c...
compiling zf_vector.c...
compiling zf_iomuxc.c...
compiling zf_systick.c...
compiling zf_iic.c...
compiling SEEKFREE_PRINTF.c...
compiling zf_uart.c...
compiling zf_sdcard.c...
compiling zf_usb_cdc.c...
compiling SEEKFREE_18TFT.c...
compiling SEEKFREE_FONT.c...
compiling SEEKFREE_FUN.c...
compiling SEEKFREE_L3G4200D.c...
compiling SEEKFREE_ICM20602.c...
compiling SEEKFREE_IIC.c...
compiling SEEKFREE_MMA8451.c...
compiling SEEKFREE_NRF24L01.c...
compiling SEEKFREE_MPU6050.c...
compiling SEEKFREE_OLED.c...
compiling SEEKFREE_VIRSCO.c...
compiling SEEKFREE_WIRELESS.c...
compiling SEEKFREE_SCC8660.c...
compiling SEEKFREE_MT9V03X_CSI.c...
compiling SEEKFREE_MT9V03X.c...
compiling SEEKFREE_SCC8660_CSI.c...
compiling SEEKFREE_IMU963RA.c...
compiling SEEKFREE_BLUETOOTH_CH9141.c...
compiling isr.c...
compiling SEEKFREE_GPS_TAU1201.c...
compiling SEEKFREE_IPS114_SPI.c...
compiling SEEKFREE_IPS200.c...
compiling main.c...
compiling common.c...
compiling encoder.c...
compiling uart1_usb.c...
compiling motor.c...
compiling servo.c...
compiling pid.c...
compiling timer_pit.c...
compiling icar.c...
compiling gpio.c...
linking...
Program Size: Code=70240 RO-data=7772 RW-data=288 ZI-data=459488  
".\Objects\RT106X.axf" - 0 Error(s), 0 Warning(s).
Build Time Elapsed:  00:00:07
